<?xml version="1.0" encoding="UTF-8"?>
<!-- Generated by org.testng.reporters.JUnitReportReporter -->
<testsuite hostname="Маша-ПК" name="com.example.tests.GroupCreationTests" tests="2" failures="0" timestamp="21 Apr 2015 09:06:07 GMT" time="6.726" errors="0">
  <testcase name="testEmptyGroupGreation" time="3.539" classname="com.example.tests.GroupCreationTests"/>
  <testcase name="testNonEmptyGroupGreation" time="3.187" classname="com.example.tests.GroupCreationTests"/>
</testsuite> <!-- com.example.tests.GroupCreationTests -->
