<?xml version="1.0" encoding="UTF-8"?>
<!-- Generated by org.testng.reporters.JUnitReportReporter -->
<testsuite hostname="CP1354" name="com.example.tests.GroupCreationTests" tests="2" failures="0" timestamp="2 May 2015 13:23:18 GMT" time="3.830" errors="0">
  <testcase name="testNonEmptyGroupGreation" time="1.940" classname="com.example.tests.GroupCreationTests"/>
  <testcase name="testEmptyGroupGreation" time="1.890" classname="com.example.tests.GroupCreationTests"/>
</testsuite> <!-- com.example.tests.GroupCreationTests -->
